TN:
SF:src/services/AnalyticsService.js
FN:23,(anonymous_0)
FN:35,(anonymous_1)
FN:43,(anonymous_2)
FN:51,(anonymous_3)
FN:59,(anonymous_4)
FN:82,(anonymous_5)
FN:118,(anonymous_6)
FN:136,(anonymous_7)
FN:192,(anonymous_8)
FN:246,(anonymous_9)
FN:248,(anonymous_10)
FN:255,(anonymous_11)
FN:264,(anonymous_12)
FN:273,(anonymous_13)
FN:282,(anonymous_14)
FN:287,(anonymous_15)
FN:289,(anonymous_16)
FNF:17
FNH:16
FNDA:17,(anonymous_0)
FNDA:5,(anonymous_1)
FNDA:4,(anonymous_2)
FNDA:5,(anonymous_3)
FNDA:2,(anonymous_4)
FNDA:3,(anonymous_5)
FNDA:1,(anonymous_6)
FNDA:2,(anonymous_7)
FNDA:3,(anonymous_8)
FNDA:1,(anonymous_9)
FNDA:0,(anonymous_10)
FNDA:1,(anonymous_11)
FNDA:1,(anonymous_12)
FNDA:2,(anonymous_13)
FNDA:5,(anonymous_14)
FNDA:4,(anonymous_15)
FNDA:2,(anonymous_16)
DA:1,1
DA:4,1
DA:9,1
DA:16,1
DA:29,17
DA:30,17
DA:31,17
DA:32,17
DA:36,5
DA:37,5
DA:38,1
DA:40,4
DA:44,4
DA:45,4
DA:46,1
DA:48,3
DA:52,5
DA:53,5
DA:54,1
DA:56,4
DA:60,2
DA:62,2
DA:64,2
DA:65,2
DA:67,2
DA:68,2
DA:71,2
DA:72,3
DA:73,3
DA:74,3
DA:75,3
DA:79,2
DA:82,2
DA:83,3
DA:84,3
DA:87,3
DA:89,0
DA:90,0
DA:92,3
DA:93,3
DA:95,0
DA:96,0
DA:98,0
DA:99,0
DA:101,0
DA:104,3
DA:107,2
DA:116,2
DA:117,1
DA:119,1
DA:120,1
DA:121,1
DA:128,2
DA:131,0
DA:132,0
DA:137,2
DA:139,2
DA:141,2
DA:142,2
DA:143,1
DA:146,1
DA:147,1
DA:148,1
DA:149,1
DA:151,1
DA:152,2
DA:153,2
DA:154,2
DA:155,2
DA:156,2
DA:157,1
DA:162,1
DA:165,1
DA:167,1
DA:187,1
DA:188,1
DA:193,3
DA:195,3
DA:197,3
DA:198,3
DA:199,1
DA:203,2
DA:206,2
DA:209,2
DA:212,2
DA:214,2
DA:233,2
DA:234,2
DA:237,2
DA:240,1
DA:241,1
DA:247,1
DA:248,1
DA:257,1
DA:266,1
DA:274,2
DA:275,2
DA:283,5
DA:285,2
DA:286,2
DA:287,2
DA:288,4
DA:289,2
DA:291,2
DA:293,2
DA:294,2
DA:295,2
DA:296,2
DA:298,2
DA:299,0
DA:301,2
DA:305,2
DA:309,1
LF:113
LH:103
BRDA:37,0,0,1
BRDA:37,0,1,4
BRDA:45,1,0,1
BRDA:45,1,1,3
BRDA:53,2,0,1
BRDA:53,2,1,4
BRDA:59,3,0,0
BRDA:73,4,0,3
BRDA:73,4,1,0
BRDA:73,5,0,3
BRDA:73,5,1,3
BRDA:79,6,0,2
BRDA:79,6,1,0
BRDA:87,7,0,0
BRDA:87,7,1,3
BRDA:87,7,2,0
BRDA:87,7,3,0
BRDA:87,7,4,0
BRDA:116,8,0,1
BRDA:116,8,1,1
BRDA:142,9,0,1
BRDA:142,9,1,1
BRDA:153,10,0,2
BRDA:153,10,1,0
BRDA:153,11,0,2
BRDA:153,11,1,2
BRDA:155,12,0,2
BRDA:155,12,1,0
BRDA:156,13,0,1
BRDA:156,13,1,1
BRDA:162,14,0,1
BRDA:162,14,1,0
BRDA:176,15,0,1
BRDA:176,15,1,0
BRDA:198,16,0,1
BRDA:198,16,1,2
BRDA:220,17,0,2
BRDA:220,17,1,0
BRDA:233,18,0,2
BRDA:233,18,1,0
BRDA:246,19,0,0
BRDA:276,20,0,2
BRDA:276,20,1,1
BRDA:277,21,0,2
BRDA:277,21,1,2
BRDA:283,22,0,3
BRDA:283,22,1,2
BRDA:283,23,0,5
BRDA:283,23,1,4
BRDA:298,24,0,0
BRDA:298,24,1,2
BRF:51
BRH:36
end_of_record
TN:
SF:src/services/AuthService.js
FN:50,(anonymous_0)
FN:54,(anonymous_1)
FN:57,(anonymous_2)
FN:63,(anonymous_3)
FN:66,(anonymous_4)
FN:72,(anonymous_5)
FN:80,(anonymous_6)
FN:139,(anonymous_7)
FN:191,(anonymous_8)
FN:231,(anonymous_9)
FN:281,(anonymous_10)
FNF:11
FNH:11
FNDA:21,(anonymous_0)
FNDA:7,(anonymous_1)
FNDA:4,(anonymous_2)
FNDA:3,(anonymous_3)
FNDA:5,(anonymous_4)
FNDA:5,(anonymous_5)
FNDA:7,(anonymous_6)
FNDA:3,(anonymous_7)
FNDA:5,(anonymous_8)
FNDA:3,(anonymous_9)
FNDA:6,(anonymous_10)
DA:1,1
DA:2,1
DA:3,1
DA:6,1
DA:17,1
DA:43,1
DA:51,21
DA:55,7
DA:56,7
DA:57,4
DA:58,3
DA:60,4
DA:64,3
DA:65,3
DA:66,5
DA:67,1
DA:69,2
DA:73,5
DA:74,5
DA:75,0
DA:77,5
DA:81,7
DA:83,7
DA:85,4
DA:86,4
DA:87,1
DA:90,3
DA:91,3
DA:92,1
DA:96,2
DA:97,1
DA:101,1
DA:104,1
DA:118,1
DA:124,1
DA:126,1
DA:134,6
DA:135,6
DA:140,3
DA:142,3
DA:145,2
DA:146,2
DA:147,1
DA:151,1
DA:154,1
DA:164,1
DA:177,1
DA:179,1
DA:186,2
DA:187,2
DA:192,5
DA:194,5
DA:196,5
DA:199,3
DA:200,3
DA:201,1
DA:205,2
DA:206,1
DA:209,1
DA:221,4
DA:222,1
DA:224,3
DA:225,1
DA:227,2
DA:232,3
DA:233,3
DA:234,1
DA:237,2
DA:242,1
DA:243,1
DA:244,0
DA:247,1
DA:248,0
DA:252,1
DA:265,1
DA:271,2
DA:272,1
DA:274,1
DA:275,0
DA:277,1
DA:282,6
DA:284,6
DA:285,2
DA:288,4
DA:289,1
DA:292,3
DA:293,3
DA:294,1
DA:298,2
DA:299,2
DA:300,1
DA:304,1
DA:307,1
DA:312,1
DA:318,5
DA:319,5
DA:324,1
LF:97
LH:93
BRDA:56,0,0,3
BRDA:56,0,1,4
BRDA:65,1,0,1
BRDA:65,1,1,2
BRDA:74,2,0,0
BRDA:74,2,1,5
BRDA:86,3,0,1
BRDA:86,3,1,3
BRDA:91,4,0,1
BRDA:91,4,1,2
BRDA:96,5,0,1
BRDA:96,5,1,1
BRDA:108,6,0,1
BRDA:108,6,1,0
BRDA:110,7,0,1
BRDA:110,7,1,1
BRDA:120,8,0,1
BRDA:120,8,1,1
BRDA:146,9,0,1
BRDA:146,9,1,1
BRDA:170,10,0,1
BRDA:170,10,1,1
BRDA:196,11,0,5
BRDA:196,11,1,5
BRDA:200,12,0,1
BRDA:200,12,1,2
BRDA:205,13,0,1
BRDA:205,13,1,1
BRDA:221,14,0,1
BRDA:221,14,1,3
BRDA:224,15,0,1
BRDA:224,15,1,2
BRDA:233,16,0,1
BRDA:233,16,1,2
BRDA:239,17,0,2
BRDA:239,17,1,2
BRDA:243,18,0,0
BRDA:243,18,1,1
BRDA:247,19,0,0
BRDA:247,19,1,1
BRDA:258,20,0,1
BRDA:258,20,1,1
BRDA:271,21,0,1
BRDA:271,21,1,1
BRDA:274,22,0,0
BRDA:274,22,1,1
BRDA:284,23,0,2
BRDA:284,23,1,4
BRDA:284,24,0,6
BRDA:284,24,1,5
BRDA:288,25,0,1
BRDA:288,25,1,3
BRDA:293,26,0,1
BRDA:293,26,1,2
BRDA:299,27,0,1
BRDA:299,27,1,1
BRF:56
BRH:51
end_of_record
TN:
SF:src/services/CourseService.js
FN:2,(anonymous_0)
FN:6,(anonymous_1)
FN:10,(anonymous_2)
FN:18,(anonymous_3)
FN:22,(anonymous_4)
FN:26,(anonymous_5)
FN:30,(anonymous_6)
FN:34,(anonymous_7)
FNF:8
FNH:8
FNDA:10,(anonymous_0)
FNDA:2,(anonymous_1)
FNDA:2,(anonymous_2)
FNDA:1,(anonymous_3)
FNDA:1,(anonymous_4)
FNDA:1,(anonymous_5)
FNDA:1,(anonymous_6)
FNDA:2,(anonymous_7)
DA:3,10
DA:7,2
DA:11,2
DA:12,2
DA:13,1
DA:15,1
DA:19,1
DA:23,1
DA:27,1
DA:31,1
DA:35,2
DA:39,1
LF:12
LH:12
BRDA:12,0,0,1
BRDA:12,0,1,1
BRDA:34,1,0,1
BRF:3
BRH:3
end_of_record
TN:
SF:src/services/MaterialService.js
FN:2,(anonymous_0)
FN:6,(anonymous_1)
FN:10,(anonymous_2)
FN:18,(anonymous_3)
FN:22,(anonymous_4)
FN:26,(anonymous_5)
FN:30,(anonymous_6)
FN:34,(anonymous_7)
FNF:8
FNH:8
FNDA:9,(anonymous_0)
FNDA:1,(anonymous_1)
FNDA:2,(anonymous_2)
FNDA:1,(anonymous_3)
FNDA:1,(anonymous_4)
FNDA:1,(anonymous_5)
FNDA:2,(anonymous_6)
FNDA:1,(anonymous_7)
DA:3,9
DA:7,1
DA:11,2
DA:12,2
DA:13,1
DA:15,1
DA:19,1
DA:23,1
DA:27,1
DA:31,2
DA:35,1
DA:39,1
LF:12
LH:12
BRDA:12,0,0,1
BRDA:12,0,1,1
BRF:2
BRH:2
end_of_record
TN:
SF:src/services/ProgressService.js
FN:2,(anonymous_0)
FN:6,(anonymous_1)
FN:10,(anonymous_2)
FN:14,(anonymous_3)
FN:18,(anonymous_4)
FN:22,(anonymous_5)
FNF:6
FNH:6
FNDA:6,(anonymous_0)
FNDA:1,(anonymous_1)
FNDA:1,(anonymous_2)
FNDA:1,(anonymous_3)
FNDA:1,(anonymous_4)
FNDA:2,(anonymous_5)
DA:3,6
DA:7,1
DA:11,1
DA:15,1
DA:19,1
DA:23,2
DA:27,1
LF:7
LH:7
BRDA:22,0,0,1
BRF:1
BRH:1
end_of_record
TN:
SF:src/services/QuestionService.js
FN:2,(anonymous_0)
FN:6,(anonymous_1)
FN:10,(anonymous_2)
FN:18,(anonymous_3)
FN:22,(anonymous_4)
FN:26,(anonymous_5)
FN:30,(anonymous_6)
FN:34,(anonymous_7)
FNF:8
FNH:8
FNDA:8,(anonymous_0)
FNDA:1,(anonymous_1)
FNDA:2,(anonymous_2)
FNDA:1,(anonymous_3)
FNDA:1,(anonymous_4)
FNDA:1,(anonymous_5)
FNDA:1,(anonymous_6)
FNDA:1,(anonymous_7)
DA:3,8
DA:7,1
DA:11,2
DA:12,2
DA:13,1
DA:15,1
DA:19,1
DA:23,1
DA:27,1
DA:31,1
DA:35,1
DA:39,1
LF:12
LH:12
BRDA:12,0,0,1
BRDA:12,0,1,1
BRF:2
BRH:2
end_of_record
TN:
SF:src/services/QuizService.js
FN:2,(anonymous_0)
FN:14,(anonymous_1)
FN:31,(anonymous_2)
FN:50,(anonymous_3)
FN:64,(anonymous_4)
FN:68,(anonymous_5)
FNF:6
FNH:6
FNDA:10,(anonymous_0)
FNDA:3,(anonymous_1)
FNDA:3,(anonymous_2)
FNDA:2,(anonymous_3)
FNDA:1,(anonymous_4)
FNDA:1,(anonymous_5)
DA:8,10
DA:9,10
DA:10,10
DA:11,10
DA:16,3
DA:17,3
DA:18,1
DA:22,2
DA:23,2
DA:24,1
DA:28,1
DA:33,3
DA:34,3
DA:35,1
DA:38,2
DA:39,1
DA:43,1
DA:51,2
DA:52,2
DA:53,1
DA:57,1
DA:58,1
DA:61,1
DA:65,1
DA:69,1
DA:73,1
LF:26
LH:26
BRDA:17,0,0,1
BRDA:17,0,1,2
BRDA:23,1,0,1
BRDA:23,1,1,1
BRDA:34,2,0,1
BRDA:34,2,1,2
BRDA:38,3,0,1
BRDA:38,3,1,1
BRDA:52,4,0,1
BRDA:52,4,1,1
BRF:10
BRH:10
end_of_record
TN:
SF:src/services/TestService.js
FN:2,(anonymous_0)
FN:6,(anonymous_1)
FN:10,(anonymous_2)
FN:18,(anonymous_3)
FN:22,(anonymous_4)
FN:26,(anonymous_5)
FN:30,(anonymous_6)
FN:34,(anonymous_7)
FNF:8
FNH:8
FNDA:8,(anonymous_0)
FNDA:1,(anonymous_1)
FNDA:2,(anonymous_2)
FNDA:1,(anonymous_3)
FNDA:1,(anonymous_4)
FNDA:1,(anonymous_5)
FNDA:1,(anonymous_6)
FNDA:1,(anonymous_7)
DA:3,8
DA:7,1
DA:11,2
DA:12,2
DA:13,1
DA:15,1
DA:19,1
DA:23,1
DA:27,1
DA:31,1
DA:35,1
DA:39,1
LF:12
LH:12
BRDA:12,0,0,1
BRDA:12,0,1,1
BRF:2
BRH:2
end_of_record
TN:
SF:src/services/UserService.js
FN:4,(anonymous_0)
FN:8,(anonymous_1)
FN:24,(anonymous_2)
FN:33,(anonymous_3)
FN:39,(anonymous_4)
FN:43,(anonymous_5)
FN:47,(anonymous_6)
FN:49,(anonymous_7)
FNF:8
FNH:8
FNDA:9,(anonymous_0)
FNDA:3,(anonymous_1)
FNDA:2,(anonymous_2)
FNDA:1,(anonymous_3)
FNDA:1,(anonymous_4)
FNDA:1,(anonymous_5)
FNDA:1,(anonymous_6)
FNDA:2,(anonymous_7)
DA:1,1
DA:5,9
DA:9,3
DA:10,3
DA:11,1
DA:14,2
DA:15,1
DA:20,1
DA:21,1
DA:25,2
DA:26,2
DA:27,1
DA:29,1
DA:30,1
DA:34,1
DA:35,1
DA:36,1
DA:40,1
DA:44,1
DA:48,1
DA:49,1
DA:50,2
DA:51,2
DA:56,1
LF:24
LH:24
BRDA:10,0,0,1
BRDA:10,0,1,2
BRDA:26,1,0,1
BRDA:26,1,1,1
BRF:4
BRH:4
end_of_record
